\BOOKMARK [1][-]{section.1}{\376\377\004\037\004\076\004\101\004\102\004\060\004\075\004\076\004\062\004\072\004\060\000\040\004\067\004\060\004\064\004\060\004\107\004\070}{}% 1
\BOOKMARK [1][-]{section.2}{\376\377\004\030\004\101\004\077\004\076\004\073\004\114\004\067\004\103\004\065\004\074\004\113\004\065\000\040\004\102\004\065\004\076\004\100\004\065\004\102\004\070\004\107\004\065\004\101\004\072\004\070\004\065\000\040\004\077\004\076\004\075\004\117\004\102\004\070\004\117}{}% 2
\BOOKMARK [2][-]{subsection.2.1}{\376\377\004\034\004\065\004\102\004\076\004\064\000\040\004\075\004\060\004\070\004\074\004\065\004\075\004\114\004\110\004\070\004\105\000\040\004\072\004\062\004\060\004\064\004\100\004\060\004\102\004\076\004\062}{section.2}% 3
\BOOKMARK [2][-]{subsection.2.2}{\376\377\004\034\004\065\004\102\004\076\004\064\000\040\004\075\004\060\004\070\004\074\004\065\004\075\004\114\004\110\004\070\004\105\000\040\004\074\004\076\004\064\004\103\004\073\004\065\004\071}{section.2}% 4
\BOOKMARK [2][-]{subsection.2.3}{\376\377\004\021\004\076\004\072\004\101\000-\004\077\004\073\004\076\004\102\000\040\004\042\004\114\004\116\004\072\004\070}{section.2}% 5
\BOOKMARK [1][-]{section.3}{\376\377\004\036\004\077\004\070\004\101\004\060\004\075\004\070\004\065\000\040\004\100\004\060\004\061\004\076\004\102\004\113}{}% 6
\BOOKMARK [1][-]{section.4}{\376\377\004\040\004\065\004\067\004\103\004\073\004\114\004\102\004\060\004\102\004\113}{}% 7
\BOOKMARK [2][-]{subsection.4.1}{\376\377\004\035\004\060\004\077\004\100\004\117\004\066\004\065\004\075\004\070\004\065\000\040\000U\000\040\000=\000\040\000-\0000\000.\0004\0005\000V}{section.4}% 8
\BOOKMARK [2][-]{subsection.4.2}{\376\377\004\035\004\060\004\077\004\100\004\117\004\066\004\065\004\075\004\070\004\065\000\040\000U\000\040\000=\000\040\000-\0000\000.\0003\0005\000V}{section.4}% 9
\BOOKMARK [2][-]{subsection.4.3}{\376\377\004\035\004\060\004\077\004\100\004\117\004\066\004\065\004\075\004\070\004\065\000\040\000U\000\040\000=\000\040\000-\0000\000.\0002\0005\000V}{section.4}% 10
\BOOKMARK [2][-]{subsection.4.4}{\376\377\004\035\004\060\004\077\004\100\004\117\004\066\004\065\004\075\004\070\004\065\000\040\000U\000\040\000=\000\040\000-\0000\000.\0001\0005\000V}{section.4}% 11
\BOOKMARK [2][-]{subsection.4.5}{\376\377\004\035\004\060\004\077\004\100\004\117\004\066\004\065\004\075\004\070\004\065\000\040\000U\000\040\000=\000\040\000-\0000\000.\0000\0005\000V}{section.4}% 12
\BOOKMARK [2][-]{subsection.4.6}{\376\377\004\035\004\060\004\077\004\100\004\117\004\066\004\065\004\075\004\070\004\065\000\040\000U\000\040\000=\000\040\0000\000.\0000\000V}{section.4}% 13
\BOOKMARK [2][-]{subsection.4.7}{\376\377\004\035\004\060\004\077\004\100\004\117\004\066\004\065\004\075\004\070\004\065\000\040\000U\000\040\000=\000\040\0000\000.\0000\0005\000V}{section.4}% 14
\BOOKMARK [2][-]{subsection.4.8}{\376\377\004\035\004\060\004\077\004\100\004\117\004\066\004\065\004\075\004\070\004\065\000\040\000U\000\040\000=\000\040\0000\000.\0001\0005\000V}{section.4}% 15
\BOOKMARK [2][-]{subsection.4.9}{\376\377\004\035\004\060\004\077\004\100\004\117\004\066\004\065\004\075\004\070\004\065\000\040\000U\000\040\000=\000\040\0000\000.\0002\0005\000V}{section.4}% 16
\BOOKMARK [2][-]{subsection.4.10}{\376\377\004\035\004\060\004\077\004\100\004\117\004\066\004\065\004\075\004\070\004\065\000\040\000U\000\040\000=\000\040\0000\000.\0003\0005\000V}{section.4}% 17
\BOOKMARK [2][-]{subsection.4.11}{\376\377\004\035\004\060\004\077\004\100\004\117\004\066\004\065\004\075\004\070\004\065\000\040\000U\000\040\000=\000\040\0000\000.\0004\0005\000V}{section.4}% 18
\BOOKMARK [2][-]{subsection.4.12}{\376\377\004\033\004\070\004\075\004\065\004\071\004\075\004\060\004\117\000\040\004\100\004\065\004\063\004\100\004\065\004\101\004\101\004\070\004\117\000\040\004\064\004\076\000\040\004\077\004\100\004\065\004\064\004\076\004\061\004\100\004\060\004\061\004\076\004\102\004\072\004\070\000\040\004\064\004\060\004\075\004\075\004\113\004\105}{section.4}% 19
\BOOKMARK [2][-]{subsection.4.13}{\376\377\004\035\004\060\004\077\004\100\004\117\004\066\004\065\004\075\004\070\004\065\000\040\000U\000\040\000=\000\040\0000\000.\0000\0005\000V}{section.4}% 20
\BOOKMARK [2][-]{subsection.4.14}{\376\377\004\033\004\070\004\075\004\065\004\071\004\075\004\060\004\117\000\040\004\100\004\065\004\063\004\100\004\065\004\101\004\101\004\070\004\117\000\040\004\077\004\076\004\101\004\073\004\065\000\040\004\077\004\100\004\065\004\064\004\076\004\061\004\100\004\060\004\061\004\076\004\102\004\072\004\070\000\040\004\064\004\060\004\075\004\075\004\113\004\105}{section.4}% 21
\BOOKMARK [2][-]{subsection.4.15}{\376\377\004\035\004\060\004\077\004\100\004\117\004\066\004\065\004\075\004\070\004\065\000\040\000U\000\040\000=\000\040\0000\000.\0000\0005\000V}{section.4}% 22
\BOOKMARK [1][-]{section.5}{\376\377\004\022\004\113\004\062\004\076\004\064\004\113}{}% 23
